  4-4.c
C:\Users\user\Documents\2021_SUMMER_STUDY\C_Part2_Ch4\4-4.c(9,9): warning C4477: 'printf' : 서식 문자열 '%x'에 'unsigned int' 형식의 인수가 필요하지만 variadic 인수 1의 형식이 'int *'입니다.
C:\Users\user\Documents\2021_SUMMER_STUDY\C_Part2_Ch4\4-4.c(9,9): warning C4313: 'printf': 서식 문자열의 '%x'이(가) 인수 1('int *' 형식)과(와) 충돌합니다.
C:\Users\user\Documents\2021_SUMMER_STUDY\C_Part2_Ch4\4-4.c(9,9): warning C4477: 'printf' : 서식 문자열 '%x'에 'unsigned int' 형식의 인수가 필요하지만 variadic 인수 2의 형식이 'int *'입니다.
C:\Users\user\Documents\2021_SUMMER_STUDY\C_Part2_Ch4\4-4.c(9,9): warning C4313: 'printf': 서식 문자열의 '%x'이(가) 인수 2('int *' 형식)과(와) 충돌합니다.
C:\Users\user\Documents\2021_SUMMER_STUDY\C_Part2_Ch4\4-4.c(9,9): warning C4477: 'printf' : 서식 문자열 '%x'에 'unsigned int' 형식의 인수가 필요하지만 variadic 인수 3의 형식이 'int *'입니다.
C:\Users\user\Documents\2021_SUMMER_STUDY\C_Part2_Ch4\4-4.c(9,9): warning C4313: 'printf': 서식 문자열의 '%x'이(가) 인수 3('int *' 형식)과(와) 충돌합니다.
C:\Users\user\Documents\2021_SUMMER_STUDY\C_Part2_Ch4\4-4.c(10,9): warning C4477: 'printf' : 서식 문자열 '%x'에 'unsigned int' 형식의 인수가 필요하지만 variadic 인수 1의 형식이 'int *'입니다.
C:\Users\user\Documents\2021_SUMMER_STUDY\C_Part2_Ch4\4-4.c(10,9): warning C4313: 'printf': 서식 문자열의 '%x'이(가) 인수 1('int *' 형식)과(와) 충돌합니다.
C:\Users\user\Documents\2021_SUMMER_STUDY\C_Part2_Ch4\4-4.c(10,9): warning C4477: 'printf' : 서식 문자열 '%x'에 'unsigned int' 형식의 인수가 필요하지만 variadic 인수 2의 형식이 'int *'입니다.
C:\Users\user\Documents\2021_SUMMER_STUDY\C_Part2_Ch4\4-4.c(10,9): warning C4313: 'printf': 서식 문자열의 '%x'이(가) 인수 2('int *' 형식)과(와) 충돌합니다.
C:\Users\user\Documents\2021_SUMMER_STUDY\C_Part2_Ch4\4-4.c(11,9): warning C4477: 'printf' : 서식 문자열 '%x'에 'unsigned int' 형식의 인수가 필요하지만 variadic 인수 1의 형식이 'int *'입니다.
C:\Users\user\Documents\2021_SUMMER_STUDY\C_Part2_Ch4\4-4.c(11,9): warning C4313: 'printf': 서식 문자열의 '%x'이(가) 인수 1('int *' 형식)과(와) 충돌합니다.
C:\Users\user\Documents\2021_SUMMER_STUDY\C_Part2_Ch4\4-4.c(11,9): warning C4477: 'printf' : 서식 문자열 '%x'에 'unsigned int' 형식의 인수가 필요하지만 variadic 인수 2의 형식이 'int *'입니다.
C:\Users\user\Documents\2021_SUMMER_STUDY\C_Part2_Ch4\4-4.c(11,9): warning C4313: 'printf': 서식 문자열의 '%x'이(가) 인수 2('int *' 형식)과(와) 충돌합니다.
C:\Users\user\Documents\2021_SUMMER_STUDY\C_Part2_Ch4\4-4.c(17,9): warning C4477: 'printf' : 서식 문자열 '%d'에 'int' 형식의 인수가 필요하지만 variadic 인수 1의 형식이 'size_t'입니다.
C:\Users\user\Documents\2021_SUMMER_STUDY\C_Part2_Ch4\4-4.c(17,9): message : 서식 문자열에서 '%zd'을(를) 사용하는 것이 좋습니다.
C:\Users\user\Documents\2021_SUMMER_STUDY\C_Part2_Ch4\4-4.c(17,9): warning C4477: 'printf' : 서식 문자열 '%d'에 'int' 형식의 인수가 필요하지만 variadic 인수 2의 형식이 'size_t'입니다.
C:\Users\user\Documents\2021_SUMMER_STUDY\C_Part2_Ch4\4-4.c(17,9): message : 서식 문자열에서 '%zd'을(를) 사용하는 것이 좋습니다.
C:\Users\user\Documents\2021_SUMMER_STUDY\C_Part2_Ch4\4-4.c(17,9): warning C4477: 'printf' : 서식 문자열 '%d'에 'int' 형식의 인수가 필요하지만 variadic 인수 3의 형식이 'size_t'입니다.
C:\Users\user\Documents\2021_SUMMER_STUDY\C_Part2_Ch4\4-4.c(17,9): message : 서식 문자열에서 '%zd'을(를) 사용하는 것이 좋습니다.
C:\Users\user\Documents\2021_SUMMER_STUDY\C_Part2_Ch4\4-4.c(18,9): warning C4477: 'printf' : 서식 문자열 '%d'에 'int' 형식의 인수가 필요하지만 variadic 인수 1의 형식이 'size_t'입니다.
C:\Users\user\Documents\2021_SUMMER_STUDY\C_Part2_Ch4\4-4.c(18,9): message : 서식 문자열에서 '%zd'을(를) 사용하는 것이 좋습니다.
C:\Users\user\Documents\2021_SUMMER_STUDY\C_Part2_Ch4\4-4.c(18,9): warning C4477: 'printf' : 서식 문자열 '%d'에 'int' 형식의 인수가 필요하지만 variadic 인수 2의 형식이 'size_t'입니다.
C:\Users\user\Documents\2021_SUMMER_STUDY\C_Part2_Ch4\4-4.c(18,9): message : 서식 문자열에서 '%zd'을(를) 사용하는 것이 좋습니다.
C:\Users\user\Documents\2021_SUMMER_STUDY\C_Part2_Ch4\4-4.c(18,9): warning C4477: 'printf' : 서식 문자열 '%d'에 'int' 형식의 인수가 필요하지만 variadic 인수 3의 형식이 'size_t'입니다.
C:\Users\user\Documents\2021_SUMMER_STUDY\C_Part2_Ch4\4-4.c(18,9): message : 서식 문자열에서 '%zd'을(를) 사용하는 것이 좋습니다.
  C_Part2_Ch4.vcxproj -> C:\Users\user\Documents\2021_SUMMER_STUDY\C_Part2_Ch4\x64\Debug\C_Part2_Ch4.exe
